<?xml version="1.0" encoding="UTF-8"?>
<!-- Generated by org.testng.reporters.JUnitReportReporter -->
<testsuite hostname="DESKTOP-2VGDDF5" failures="0" tests="3" name="com.crm.Campaign.CampaignTest" time="0.041" errors="0" timestamp="2022-05-14T22:59:50 IST" skipped="0">
  <testcase classname="com.crm.Campaign.CampaignTest" name="deleteCampaignTest" time="0.005"/>
  <system-out/>
  <testcase classname="com.crm.Campaign.CampaignTest" name="modifyCampaignTest" time="0.006"/>
  <system-out/>
  <testcase classname="com.crm.Campaign.CampaignTest" name="createCampaignTest" time="0.030"/>
  <system-out/>
</testsuite> <!-- com.crm.Campaign.CampaignTest -->
