<?xml version="1.0" encoding="UTF-8"?>
<!-- Generated by org.testng.reporters.JUnitReportReporter -->
<testsuite hostname="DESKTOP-2VGDDF5" failures="0" tests="3" name="com.crm.practise.ContactTest" time="0.010" errors="0" timestamp="2022-05-10T15:03:08 IST" skipped="0">
  <testcase classname="com.crm.practise.ContactTest" name="createCustomerTest" time="0.003"/>
  <system-out/>
  <testcase classname="com.crm.practise.ContactTest" name="modifyCustomerTest" time="0.004"/>
  <system-out/>
  <testcase classname="com.crm.practise.ContactTest" name="deleteCustomerTest" time="0.003"/>
  <system-out/>
</testsuite> <!-- com.crm.practise.ContactTest -->
