<?xml version="1.0" encoding="UTF-8"?>
<!-- Generated by org.testng.reporters.JUnitReportReporter -->
<testsuite hostname="DESKTOP-2VGDDF5" failures="0" tests="3" name="com.crm.practise.OrganizationTest" time="0.019" errors="0" timestamp="2022-05-10T15:03:08 IST" skipped="0">
  <testcase classname="com.crm.practise.OrganizationTest" name="modifyOrgTest" time="0.004"/>
  <system-out/>
  <testcase classname="com.crm.practise.OrganizationTest" name="deleteOrgTest" time="0.002"/>
  <system-out/>
  <testcase classname="com.crm.practise.OrganizationTest" name="createOrgTest" time="0.013"/>
  <system-out/>
</testsuite> <!-- com.crm.practise.OrganizationTest -->
